<?xml version="1.0" encoding="UTF-8" ?>
<testsuites disabled="0" errors="0" failures="3" tests="6" time="25.753">
 <testsuite name="cribs.test App" timestamp="2019-11-14T03:07:33" hostname="localhost" time="25.753" errors="0" tests="6" skipped="0" disabled="0" failures="3">
  <testcase classname="cribs.test App" name="should display message saying app works" time="5.479" />
  <testcase classname="cribs.test App" name="should Navigate to Mircosoft Azure for Client Login Request " time="10.199" />
  <testcase classname="cribs.test App" name="should have Mircosoft Azure for Client Login Page " time="0.004" />
  <testcase classname="cribs.test App" name="should be able to login" time="10.011">
   <failure type="exception" message="Failed: Wait timed out after 10001ms"><![CDATA[TimeoutError: Wait timed out after 10001ms
    at E:\code\RP-Angular\node_modules\selenium-webdriver\lib\promise.js:2201:17
    at ManagedPromise.invokeCallback_ (E:\code\RP-Angular\node_modules\selenium-webdriver\lib\promise.js:1376:14)
    at TaskQueue.execute_ (E:\code\RP-Angular\node_modules\selenium-webdriver\lib\promise.js:3084:14)
    at TaskQueue.executeNext_ (E:\code\RP-Angular\node_modules\selenium-webdriver\lib\promise.js:3067:27)
    at asyncRun (E:\code\RP-Angular\node_modules\selenium-webdriver\lib\promise.js:2927:27)
    at E:\code\RP-Angular\node_modules\selenium-webdriver\lib\promise.js:668:7
From: Task: <anonymous wait>
    at scheduleWait (E:\code\RP-Angular\node_modules\selenium-webdriver\lib\promise.js:2188:20)
    at ControlFlow.wait (E:\code\RP-Angular\node_modules\selenium-webdriver\lib\promise.js:2517:12)
    at Driver.wait (E:\code\RP-Angular\node_modules\selenium-webdriver\lib\webdriver.js:934:29)
    at run (E:\code\RP-Angular\node_modules\protractor\built\browser.js:59:33)
    at ProtractorBrowser.to.(anonymous function) [as wait] (E:\code\RP-Angular\node_modules\protractor\built\browser.js:67:16)
    at UserContext.<anonymous> (E:\code\RP-Angular\e2e\app.e2e-spec.ts:29:30)
    at E:\code\RP-Angular\node_modules\jasminewd2\index.js:112:25
    at new ManagedPromise (E:\code\RP-Angular\node_modules\selenium-webdriver\lib\promise.js:1077:7)
    at ControlFlow.promise (E:\code\RP-Angular\node_modules\selenium-webdriver\lib\promise.js:2505:12)
    at schedulerExecute (E:\code\RP-Angular\node_modules\jasminewd2\index.js:95:18)
From: Task: Run it("should be able to login") in control flow
    at UserContext.<anonymous> (E:\code\RP-Angular\node_modules\jasminewd2\index.js:94:19)
    at attempt (E:\code\RP-Angular\node_modules\jasmine\node_modules\jasmine-core\lib\jasmine-core\jasmine.js:4297:26)
    at QueueRunner.run (E:\code\RP-Angular\node_modules\jasmine\node_modules\jasmine-core\lib\jasmine-core\jasmine.js:4217:20)
    at runNext (E:\code\RP-Angular\node_modules\jasmine\node_modules\jasmine-core\lib\jasmine-core\jasmine.js:4257:20)
    at E:\code\RP-Angular\node_modules\jasmine\node_modules\jasmine-core\lib\jasmine-core\jasmine.js:4264:13
    at E:\code\RP-Angular\node_modules\jasmine\node_modules\jasmine-core\lib\jasmine-core\jasmine.js:4172:9
    at E:\code\RP-Angular\node_modules\jasminewd2\index.js:64:48
    at ControlFlow.emit (E:\code\RP-Angular\node_modules\selenium-webdriver\lib\events.js:62:21)
    at ControlFlow.shutdown_ (E:\code\RP-Angular\node_modules\selenium-webdriver\lib\promise.js:2674:10)
    at shutdownTask_.MicroTask (E:\code\RP-Angular\node_modules\selenium-webdriver\lib\promise.js:2599:53)
From asynchronous test: 
Error
    at Suite.<anonymous> (E:\code\RP-Angular\e2e\app.e2e-spec.ts:28:5)
    at addSpecsToSuite (E:\code\RP-Angular\node_modules\jasmine\node_modules\jasmine-core\lib\jasmine-core\jasmine.js:1107:25)
    at Env.describe (E:\code\RP-Angular\node_modules\jasmine\node_modules\jasmine-core\lib\jasmine-core\jasmine.js:1074:7)
    at describe (E:\code\RP-Angular\node_modules\jasmine\node_modules\jasmine-core\lib\jasmine-core\jasmine.js:4399:18)
    at Object.<anonymous> (E:\code\RP-Angular\e2e\app.e2e-spec.ts:5:1)
    at Module._compile (internal/modules/cjs/loader.js:778:30)
    at Module.m._compile (E:\code\RP-Angular\node_modules\ts-node\src\index.ts:493:23)
    at Module._extensions..js (internal/modules/cjs/loader.js:789:10)
    at Object.require.extensions.(anonymous function) [as .ts] (E:\code\RP-Angular\node_modules\ts-node\src\index.ts:496:12)]]>
   </failure>
  </testcase>
  <testcase classname="cribs.test App" name="Sign in ...." time="0.043">
   <failure type="exception" message="Failed: Error while waiting for Protractor to sync with the page: &quot;both angularJS testability and angular testability are undefined.  This could be either because this is a non-angular page or because your test involves client-side navigation, which can interfere with Protractor&apos;s bootstrapping.  See http://git.io/v4gXM for details&quot;"><![CDATA[Error: Error while waiting for Protractor to sync with the page: "both angularJS testability and angular testability are undefined.  This could be either because this is a non-angular page or because your test involves client-side navigation, which can interfere with Protractor's bootstrapping.  See http://git.io/v4gXM for details"
    at runWaitForAngularScript.then (E:\code\RP-Angular\node_modules\protractor\built\browser.js:463:23)
    at ManagedPromise.invokeCallback_ (E:\code\RP-Angular\node_modules\selenium-webdriver\lib\promise.js:1376:14)
    at TaskQueue.execute_ (E:\code\RP-Angular\node_modules\selenium-webdriver\lib\promise.js:3084:14)
    at TaskQueue.executeNext_ (E:\code\RP-Angular\node_modules\selenium-webdriver\lib\promise.js:3067:27)
    at asyncRun (E:\code\RP-Angular\node_modules\selenium-webdriver\lib\promise.js:2927:27)
    at E:\code\RP-Angular\node_modules\selenium-webdriver\lib\promise.js:668:7
    at process._tickCallback (internal/process/next_tick.js:68:7)
From: Task: <anonymous>
    at Timeout.pollCondition [as _onTimeout] (E:\code\RP-Angular\node_modules\selenium-webdriver\lib\promise.js:2195:19)
    at ontimeout (timers.js:436:11)
    at tryOnTimeout (timers.js:300:5)
    at listOnTimeout (timers.js:263:5)
    at Timer.processTimers (timers.js:223:10)
From: Task: <anonymous wait>
    at scheduleWait (E:\code\RP-Angular\node_modules\selenium-webdriver\lib\promise.js:2188:20)
    at ControlFlow.wait (E:\code\RP-Angular\node_modules\selenium-webdriver\lib\promise.js:2517:12)
    at Driver.wait (E:\code\RP-Angular\node_modules\selenium-webdriver\lib\webdriver.js:934:29)
    at run (E:\code\RP-Angular\node_modules\protractor\built\browser.js:59:33)
    at ProtractorBrowser.to.(anonymous function) [as wait] (E:\code\RP-Angular\node_modules\protractor\built\browser.js:67:16)
    at UserContext.<anonymous> (E:\code\RP-Angular\e2e\app.e2e-spec.ts:41:30)
    at E:\code\RP-Angular\node_modules\jasminewd2\index.js:112:25
    at new ManagedPromise (E:\code\RP-Angular\node_modules\selenium-webdriver\lib\promise.js:1077:7)
    at ControlFlow.promise (E:\code\RP-Angular\node_modules\selenium-webdriver\lib\promise.js:2505:12)
    at schedulerExecute (E:\code\RP-Angular\node_modules\jasminewd2\index.js:95:18)
From: Task: Run it("Sign in ....") in control flow
    at UserContext.<anonymous> (E:\code\RP-Angular\node_modules\jasminewd2\index.js:94:19)
    at attempt (E:\code\RP-Angular\node_modules\jasmine\node_modules\jasmine-core\lib\jasmine-core\jasmine.js:4297:26)
    at QueueRunner.run (E:\code\RP-Angular\node_modules\jasmine\node_modules\jasmine-core\lib\jasmine-core\jasmine.js:4217:20)
    at runNext (E:\code\RP-Angular\node_modules\jasmine\node_modules\jasmine-core\lib\jasmine-core\jasmine.js:4257:20)
    at E:\code\RP-Angular\node_modules\jasmine\node_modules\jasmine-core\lib\jasmine-core\jasmine.js:4264:13
    at E:\code\RP-Angular\node_modules\jasmine\node_modules\jasmine-core\lib\jasmine-core\jasmine.js:4172:9
    at E:\code\RP-Angular\node_modules\jasminewd2\index.js:64:48
    at ControlFlow.emit (E:\code\RP-Angular\node_modules\selenium-webdriver\lib\events.js:62:21)
    at ControlFlow.shutdown_ (E:\code\RP-Angular\node_modules\selenium-webdriver\lib\promise.js:2674:10)
    at shutdownTask_.MicroTask (E:\code\RP-Angular\node_modules\selenium-webdriver\lib\promise.js:2599:53)
From asynchronous test: 
Error
    at Suite.<anonymous> (E:\code\RP-Angular\e2e\app.e2e-spec.ts:40:5)
    at addSpecsToSuite (E:\code\RP-Angular\node_modules\jasmine\node_modules\jasmine-core\lib\jasmine-core\jasmine.js:1107:25)
    at Env.describe (E:\code\RP-Angular\node_modules\jasmine\node_modules\jasmine-core\lib\jasmine-core\jasmine.js:1074:7)
    at describe (E:\code\RP-Angular\node_modules\jasmine\node_modules\jasmine-core\lib\jasmine-core\jasmine.js:4399:18)
    at Object.<anonymous> (E:\code\RP-Angular\e2e\app.e2e-spec.ts:5:1)
    at Module._compile (internal/modules/cjs/loader.js:778:30)
    at Module.m._compile (E:\code\RP-Angular\node_modules\ts-node\src\index.ts:493:23)
    at Module._extensions..js (internal/modules/cjs/loader.js:789:10)
    at Object.require.extensions.(anonymous function) [as .ts] (E:\code\RP-Angular\node_modules\ts-node\src\index.ts:496:12)]]>
   </failure>
  </testcase>
  <testcase classname="cribs.test App" name="Novw navigating to Hays Dashboard" time="0.014">
   <failure type="exception" message="Failed: Error while waiting for Protractor to sync with the page: &quot;both angularJS testability and angular testability are undefined.  This could be either because this is a non-angular page or because your test involves client-side navigation, which can interfere with Protractor&apos;s bootstrapping.  See http://git.io/v4gXM for details&quot;"><![CDATA[Error: Error while waiting for Protractor to sync with the page: "both angularJS testability and angular testability are undefined.  This could be either because this is a non-angular page or because your test involves client-side navigation, which can interfere with Protractor's bootstrapping.  See http://git.io/v4gXM for details"
    at runWaitForAngularScript.then (E:\code\RP-Angular\node_modules\protractor\built\browser.js:463:23)
    at ManagedPromise.invokeCallback_ (E:\code\RP-Angular\node_modules\selenium-webdriver\lib\promise.js:1376:14)
    at TaskQueue.execute_ (E:\code\RP-Angular\node_modules\selenium-webdriver\lib\promise.js:3084:14)
    at TaskQueue.executeNext_ (E:\code\RP-Angular\node_modules\selenium-webdriver\lib\promise.js:3067:27)
    at asyncRun (E:\code\RP-Angular\node_modules\selenium-webdriver\lib\promise.js:2927:27)
    at E:\code\RP-Angular\node_modules\selenium-webdriver\lib\promise.js:668:7
    at process._tickCallback (internal/process/next_tick.js:68:7)
From: Task: Run it("Novw navigating to Hays Dashboard") in control flow
    at UserContext.<anonymous> (E:\code\RP-Angular\node_modules\jasminewd2\index.js:94:19)
    at attempt (E:\code\RP-Angular\node_modules\jasmine\node_modules\jasmine-core\lib\jasmine-core\jasmine.js:4297:26)
    at QueueRunner.run (E:\code\RP-Angular\node_modules\jasmine\node_modules\jasmine-core\lib\jasmine-core\jasmine.js:4217:20)
    at runNext (E:\code\RP-Angular\node_modules\jasmine\node_modules\jasmine-core\lib\jasmine-core\jasmine.js:4257:20)
    at E:\code\RP-Angular\node_modules\jasmine\node_modules\jasmine-core\lib\jasmine-core\jasmine.js:4264:13
    at E:\code\RP-Angular\node_modules\jasmine\node_modules\jasmine-core\lib\jasmine-core\jasmine.js:4172:9
    at E:\code\RP-Angular\node_modules\jasminewd2\index.js:64:48
    at ControlFlow.emit (E:\code\RP-Angular\node_modules\selenium-webdriver\lib\events.js:62:21)
    at ControlFlow.shutdown_ (E:\code\RP-Angular\node_modules\selenium-webdriver\lib\promise.js:2674:10)
    at shutdownTask_.MicroTask (E:\code\RP-Angular\node_modules\selenium-webdriver\lib\promise.js:2599:53)
From asynchronous test: 
Error
    at Suite.<anonymous> (E:\code\RP-Angular\e2e\app.e2e-spec.ts:48:5)
    at addSpecsToSuite (E:\code\RP-Angular\node_modules\jasmine\node_modules\jasmine-core\lib\jasmine-core\jasmine.js:1107:25)
    at Env.describe (E:\code\RP-Angular\node_modules\jasmine\node_modules\jasmine-core\lib\jasmine-core\jasmine.js:1074:7)
    at describe (E:\code\RP-Angular\node_modules\jasmine\node_modules\jasmine-core\lib\jasmine-core\jasmine.js:4399:18)
    at Object.<anonymous> (E:\code\RP-Angular\e2e\app.e2e-spec.ts:5:1)
    at Module._compile (internal/modules/cjs/loader.js:778:30)
    at Module.m._compile (E:\code\RP-Angular\node_modules\ts-node\src\index.ts:493:23)
    at Module._extensions..js (internal/modules/cjs/loader.js:789:10)
    at Object.require.extensions.(anonymous function) [as .ts] (E:\code\RP-Angular\node_modules\ts-node\src\index.ts:496:12)]]>
   </failure>
  </testcase>
 </testsuite>
</testsuites>